1.5096
0.3836
0.5329
0.5059
0.6635
0.1081
0.1814
0.2109
0.1816
0.1796
0.1401
0.1689
0.3836
0.1711
0.2732
0.3007
1.2328
0.5096
0.3836
0.5329
0.1711
0.1081
0.1814
0.2109
1.2328
0.5096
0.3836
0.5329
0.6635
0.1711
0.1081
0.1814
0.2109
0.1401
0.1689
1.2328
0.5096
0.3836
0.5329
0.1711
0.1081
0.1814
0.2109
1.2328
0.5096
0.3836
0.5329
0.7835
0.9182
0.1711
0.1081
0.1464
1.2328
0.5096
0.3836
0.5329
1.0113
0.1711
0.1081
0.1814
0.2109
0.176
0.1949
1.2328
0.5096
0.3836
0.5329
0.6635
0.1711
0.1081
0.1814
0.2109
0.1401
0.1689
1.2328
0.5096
0.3836
0.5329
1.0113
0.7835
0.9182
0.1711
0.1081
0.1464
0.1881
0.1269
1.2328
0.5096
0.3836
0.5329
1.0113
1.812
0.6635
0.1711
0.1081
0.1814
0.2109
0.3826
1.2328
0.5096
0.3836
0.5329
0.5059
0.6635
0.1711
0.1081
0.1814
0.2109
0.1816
0.1796
0.3342
0.1401
0.1689
1.2328
0.5096
0.3836
0.5329
0.6635
0.1711
0.1081
0.1814
0.2109
0.1401
0.1689
1.2328
0.3836
0.5329
0.1711
0.1081
1.2328
0.3836
0.5329
0.5059
0.6635
0.1081
0.1814
0.2109
0.1816
0.1796
0.1401
0.1689
0.5096
0.3836
0.5329
0.5059
0.6635
0.1081
0.1814
0.2109
0.1816
0.1796
0.1401
0.1689
0.5096
0.3836
0.5329
0.1711
0.1081
0.1814
0.2109
1.2328
0.5096
0.3836
0.5329
0.6635
0.1711
0.1081
0.1814
0.2109
0.1401
0.1689
1.2328
0.5096
0.3836
0.5329
1.0113
0.9168
0.1711
0.1081
0.1814
0.2109
1.2328
0.5096
0.3836
0.5329
0.6635
0.1711
0.1081
0.1814
0.2109
0.1401
0.1689
1.2328
0.5096
0.3836
0.5329
0.5059
0.6635
0.1711
0.1081
0.1814
0.2109
0.1816
0.1796
0.3342
0.1401
0.1689
1.2328
0.5096
0.3836
0.5329
1.0113
0.7835
0.9182
0.1711
0.1081
0.1464
0.1881
0.1269
1.2328
0.5096
0.3836
0.5329
0.1711
0.1081
1.2328
0.5096
0.3836
0.5329
1.0113
0.9168
0.1711
0.1081
0.1814
0.2109
1.2328
0.5096
0.3836
0.5329
0.6635
0.1711
0.1081
0.1814
0.2109
0.1401
0.1689
1.2328
0.5096
0.3836
0.5329
1.0113
1.812
0.9168
0.8092
0.1711
0.1081
0.1814
0.2109
1.2328
0.5096
0.3836
0.1711
0.2732
0.3007
1.2328
0.5096
0.3836
0.5329
0.7835
0.1711
0.1081
0.1464
1.2328
0.5096
0.3836
0.5329
0.9182
0.1711
0.1081
0.1464
1.2328
0.5096
0.3836
0.5329
0.1711
0.1081
0.1814
0.2109
1.2328
0.5096
0.3836
0.5329
1.0113
1.812
0.6635
0.1711
0.1081
0.1814
0.2109
0.3826
1.2328
0.5096
0.3836
0.5329
0.5059
0.6635
0.1711
0.1081
0.1814
0.2109
0.1816
0.1796
0.3342
0.1401
0.1689
1.2328
0.5096
0.3836
0.1711
0.2732
0.3007
1.2328
0.5096
0.3836
0.5329
0.369
0.6635
0.1711
0.1081
0.1814
0.2109
0.1401
0.1689
1.2328
0.5096
0.3836
0.5329
1.0113
1.812
0.6635
0.1711
0.1081
0.1814
0.2109
0.3826
1.2328
0.5096
0.3836
0.5329
0.5059
0.369
0.6635
0.1711
0.1081
0.1814
0.2109
0.1816
0.1796
0.159
0.3219
0.1401
0.1689
1.2328
0.5096
0.3836
0.5329
0.5059
0.6635
0.1711
0.1081
0.1814
0.2109
0.1816
0.1796
0.1401
0.1689
1.2328
0.5096
0.3836
0.5329
1.0113
0.6635
0.1711
0.1081
0.1814
0.2109
0.3826
1.2328
0.5096
0.3836
0.5329
0.5059
0.369
0.6635
0.1711
0.1081
0.1814
0.2109
0.1816
0.1796
0.159
0.3219
0.1401
0.1689
1.2328
0.5096
0.3836
0.1711
0.2732
0.3007
1.2328
0.5096
0.3836
0.5329
0.369
0.6635
0.1711
0.1081
0.1814
0.2109
0.1401
0.1689
1.2328
0.5096
0.3836
0.5329
0.5059
0.6635
0.1711
0.1081
0.1814
0.2109
0.1816
0.1796
0.1401
0.1689
1.2328
0.5096
0.3836
0.5329
0.5059
0.6635
0.1711
0.1081
0.1814
0.2109
0.1816
0.1796
0.1401
0.1689
1.2328
0.5096
0.3836
0.5329
0.1711
0.1081
0.1814
0.2109
1.2328
0.5096
0.3836
0.5329
0.6635
0.1711
0.1081
0.1814
0.2109
0.1401
0.1689
1.2328
0.5096
0.3836
0.5329
0.5059
0.369
0.6635
0.1711
0.1081
0.1814
0.2109
0.1816
0.1796
0.159
0.3219
0.1401
0.1689
1.2328
0.5096
0.3836
0.5329
0.5059
0.369
0.6635
0.1711
0.1081
0.1814
0.2109
0.1816
0.1796
0.159
0.3219
0.1401
0.1689
1.2328
0.5096
0.3836
0.5329
0.1711
0.1081
0.1814
0.2109
1.2328
0.5096
0.3836
0.5329
0.9182
0.1711
0.1081
0.1464
1.2328
0.5096
0.3836
0.5329
0.1711
0.1081
1.2328
0.5096
0.3836
0.5329
1.0113
1.812
0.9168
0.8092
0.1711
0.1081
0.1814
0.2109
1.2328
0.5096
0.3836
0.5329
0.6635
0.1711
0.1081
0.1814
0.2109
0.1401
0.1689
1.2328
0.5096
0.3836
0.5329
0.5059
0.369
0.6635
0.1711
0.1081
0.1814
0.2109
0.1816
0.1796
0.159
0.3219
0.1401
0.1689
1.2328
0.5096
0.3836
0.5329
0.5059
0.369
0.6635
0.1711
0.1081
0.1814
0.2109
0.1816
0.1796
0.159
0.3219
0.1401
0.1689
1.2328
0.5096
0.3836
0.5329
1.0113
1.812
0.6635
0.1711
0.1081
0.1814
0.2109
0.3826
1.2328
0.3836
0.5329
0.6635
0.1711
0.1081
0.1814
0.2109
0.1401
0.1689
1.2328
0.5096
0.3836
0.5329
0.5059
0.6635
0.1081
0.1814
0.2109
0.1816
0.1796
0.1401
0.1689
0.5096
0.3836
0.5329
0.1711
0.1081
1.2328
0.5096
0.3836
0.5329
1.0113
0.9168
0.1711
0.1081
0.1814
0.2109
1.2328
0.5096
0.3836
0.5329
0.6635
0.1711
0.1081
0.1814
0.2109
0.1401
0.1689
1.2328
0.5096
0.3836
0.5329
0.7835
0.9182
0.1711
0.1081
0.1464
1.2328
0.5096
0.3836
0.5329
0.1711
0.1081
0.1814
0.2109
1.2328
0.5096
0.3836
0.5329
0.5059
0.369
0.6635
0.1711
0.1081
0.1814
0.2109
0.1816
0.1796
0.159
0.3219
0.1401
0.1689
1.2328
0.5096
0.3836
0.1711
0.2732
0.3007
1.2328
0.3836
0.5329
0.1711
0.1081
0.1814
0.2109
0.1816
0.1949
1.2328
0.5096
0.3836
0.5329
0.5059
0.369
0.6635
0.1711
0.1081
0.1814
0.2109
0.1816
0.1796
0.159
0.3219
0.1401
0.1689
1.2328
0.5096
0.3836
0.5329
1.0113
0.7835
0.9182
0.1711
0.1081
0.1464
0.1881
0.1269
1.2328
0.5096
0.3836
0.5329
0.5059
0.6635
0.1711
0.1081
0.1814
0.2109
0.1816
0.1796
0.1401
0.1689
1.2328
0.5096
0.3836
0.5329
1.0113
1.812
0.6635
0.1711
0.1081
0.1814
0.2109
0.3826
1.2328
0.5096
0.3836
0.5329
0.9182
0.1711
0.1081
0.1464
1.2328
0.5096
0.3836
0.5329
0.7835
0.9182
0.1711
0.1081
0.1464
1.2328
0.5096
0.3836
0.5329
0.6635
0.1711
0.1081
0.1814
0.2109
0.1401
0.1689
1.2328
0.5096
0.3836
0.5329
1.0113
1.812
0.6635
0.1711
0.1081
0.1814
0.2109
0.3826
1.2328
0.5096
0.3836
0.5329
0.1711
0.1081
1.2328
0.5096
0.3836
0.5329
0.1711
0.1081
0.1814
0.2109
1.2328
0.3836
0.5329
0.1711
0.1081
0.1814
0.2109
0.1816
0.1949
1.2328
0.5096
0.3836
0.5329
0.1711
0.1081
0.1814
0.2109
1.2328
0.5096
0.3836
0.5329
0.1711
0.1081
1.2328
0.5096
0.3836
0.5329
0.6635
0.1711
0.1081
0.1814
0.2109
0.1401
0.1689
1.2328
0.5096
0.3836
0.5329
0.7835
0.9182
0.1711
0.1081
0.1464
1.2328
0.5096
0.3836
0.5329
0.5059
0.369
0.6635
0.1711
0.1081
0.1814
0.2109
0.1816
0.1796
0.159
0.3219
0.1401
0.1689
1.2328
0.5096
0.3836
0.5329
1.0113
0.1711
0.1081
0.1814
0.2109
0.176
0.1949
1.2328
0.5096
0.3836
0.5329
1.0113
1.812
0.6635
0.1711
0.1081
0.1814
0.2109
0.3826
1.2328
0.5096
0.3836
0.5329
0.5059
0.369
0.6635
0.1711
0.1081
0.1814
0.2109
0.1816
0.1796
0.159
0.3219
0.1401
0.1689
1.2328
0.5096
0.3836
0.5329
0.1711
0.1081
0.1814
0.2109
1.2328
0.5096
0.3836
0.1711
0.2732
0.3007
1.2328
0.5096
0.3836
0.5329
0.6635
0.1711
0.1081
0.1814
0.2109
0.1401
0.1689
1.2328
0.5096
0.3836
0.5329
0.6635
0.1711
0.1081
0.1814
0.2109
0.1401
0.1689
1.2328
0.5096
0.3836
0.5329
1.0113
0.7835
0.9182
0.1711
0.1081
0.1464
0.1881
0.1269
1.2328
0.5096
0.3836
0.5329
0.6635
0.1711
0.1081
0.1814
0.2109
0.1401
0.1689
1.2328
0.5096
0.3836
0.5329
0.6635
0.1711
0.1081
0.1814
0.2109
0.1401
0.1689
1.2328
0.5096
0.3836
0.5329
0.1711
0.1081
0.1814
0.2109
1.2328
0.5096
0.3836
0.1711
0.2732
0.3007
1.2328
0.5096
0.3836
0.5329
0.1711
0.1081
0.1814
0.2109
1.2328
0.5096
0.3836
0.5329
0.5059
0.369
0.6635
0.1711
0.1081
0.1814
0.2109
0.1816
0.1796
0.159
0.3219
0.1401
0.1689
1.2328
0.5096
0.3836
0.5329
1.0113
0.9168
0.1711
0.1081
0.1814
0.2109
1.2328
0.5096
0.3836
0.5329
1.0113
0.7835
0.9182
0.1711
0.1081
0.1464
0.1881
0.1269
1.2328
0.5096
0.3836
0.5329
1.0113
0.9168
1.1673
0.1711
0.1081
0.1814
0.2109
0.261
1.2328
0.5096
0.3836
0.5329
0.6635
0.1711
0.1081
0.1814
0.2109
0.1401
0.1689
1.2328
0.5096
0.3836
0.5329
0.1711
0.1081
0.1814
0.2109
1.2328
0.5096
0.3836
0.5329
1.0113
0.7835
0.9182
0.1711
0.1081
0.1464
0.1881
0.1269
1.2328
0.5096
0.3836
0.1711
0.2732
0.3007
1.2328
0.5096
0.3836
0.5329
0.1711
0.1081
1.2328
0.5096
0.3836
0.5329
0.5059
0.369
0.6635
0.1711
0.1081
0.1814
0.2109
0.1816
0.1796
0.159
0.3219
0.1401
0.1689
1.2328
0.5096
0.3836
0.5329
0.5059
0.6635
0.1711
0.1081
0.1814
0.2109
0.1816
0.1796
0.3342
0.1401
0.1689
1.2328
0.5096
0.3836
0.5329
0.9182
0.1711
0.1081
0.1464
1.2328
0.5096
0.3836
0.5329
1.0113
1.812
0.6635
0.1711
0.1081
0.1814
0.2109
0.3826
1.2328
0.5096
0.3836
0.5329
0.9182
0.1711
0.1081
0.1464
1.2328
0.5096
0.3836
0.5329
1.0113
0.7835
0.9182
0.1711
0.1081
0.1464
0.1881
0.1269
1.2328
0.5096
0.3836
0.5329
0.1711
0.1081
0.1814
0.2109
1.2328
0.5096
0.3836
0.5329
0.6635
0.1711
0.1081
0.1814
0.2109
0.1401
0.1689
1.2328
0.5096
0.3836
0.5329
0.1711
0.1081
0.1814
0.2109
1.2328
0.5096
0.3836
0.5329
0.1711
0.1081
0.1814
0.2109
1.2328
0.5096
0.3836
0.5329
1.0113
1.812
0.6635
0.1711
0.1081
0.1814
0.2109
0.3826
1.2328
0.5096
0.3836
0.5329
0.1711
0.1081
1.2328
0.5096
0.3836
0.5329
0.1711
0.1081
0.1814
0.2109
1.2328
0.5096
0.3836
0.5329
0.1711
0.1081
0.1814
0.2109
1.2328
0.5096
0.3836
0.5329
0.1711
0.1081
1.2328
0.5096
0.3836
0.5329
0.1711
0.1081
1.2328
0.5096
0.3836
0.5329
1.0113
1.812
0.1711
0.1081
0.1814
0.2109
1.2328
0.5096
0.3836
0.5329
0.6635
0.1711
0.1081
0.1814
0.2109
0.1401
0.1689
1.2328
0.5096
0.3836
0.5329
0.1711
0.1081
0.1814
0.2109
1.2328
0.5096
0.3836
0.5329
0.7835
0.9182
0.1711
0.1081
0.1464
1.2328
0.5096
0.3836
0.5329
0.7835
0.9182
0.1711
0.1081
0.1464
1.2328
0.5096
0.3836
0.1711
0.2732
0.3007
1.2328
0.5096
0.3836
0.1711
0.2732
0.3007
1.2328
0.5096
0.3836
0.5329
0.6635
0.1711
0.1081
0.1814
0.2109
0.1401
0.1689
1.2328
0.5096
0.3836
0.5329
0.5059
0.369
0.6635
0.1711
0.1081
0.1814
0.2109
0.1816
0.1796
0.159
0.3219
0.1401
0.1689
1.2328
0.5096
0.3836
0.5329
0.1711
0.1081
0.1814
0.2109
1.2328
0.5096
0.3836
0.5329
0.1711
0.1081
0.1814
0.2109
1.2328
0.5096
0.3836
0.5329
0.9182
0.1711
0.1081
0.1464
1.2328
0.5096
0.3836
0.5329
0.6635
0.1711
0.1081
0.1814
0.2109
0.1401
0.1689
1.2328
0.5096
0.3836
0.5329
1.0113
1.812
0.6635
0.1711
0.1081
0.1814
0.2109
0.3826
1.2328
0.5096
0.3836
0.5329
1.0113
1.812
0.1711
0.1081
0.1814
0.2109
1.2328
0.5096
0.3836
0.5329
0.7835
0.9182
0.1711
0.1081
0.1464
1.2328
0.5096
0.3836
0.5329
0.5059
0.369
0.6635
0.1711
0.1081
0.1814
0.2109
0.1816
0.1796
0.159
0.3219
0.1401
0.1689
1.2328
0.3836
0.5329
0.6635
0.1711
0.1081
0.1814
0.2109
0.1401
0.1689
1.2328
